  Music.cpp
D:\Programming\C++\ObliviousEngine\src\header\Music.h(2,10): fatal error C1083: Cannot open include file: 'SDL_mixer.h': No such file or directory
  SoundEffect.cpp
D:\Programming\C++\ObliviousEngine\src\header\SoundEffect.h(2,10): fatal error C1083: Cannot open include file: 'SDL_mixer.h': No such file or directory
  Scene.cpp
D:\Programming\C++\ObliviousEngine\src\header\Scene.h(2,10): fatal error C1083: Cannot open include file: 'SDL.h': No such file or directory
  Text.cpp
D:\Programming\C++\ObliviousEngine\src\header\Texture.h(2,10): fatal error C1083: Cannot open include file: 'SDL.h': No such file or directory
  Texture.cpp
D:\Programming\C++\ObliviousEngine\src\header\Texture.h(2,10): fatal error C1083: Cannot open include file: 'SDL.h': No such file or directory
  Timer.cpp
D:\Programming\C++\ObliviousEngine\src\header\Timer.h(2,10): fatal error C1083: Cannot open include file: 'SDL.h': No such file or directory
  DebugBox.cpp
D:\Programming\C++\ObliviousEngine\src\header\Entity.h(2,10): fatal error C1083: Cannot open include file: 'SDL.h': No such file or directory
  Entity.cpp
D:\Programming\C++\ObliviousEngine\src\header\Entity.h(2,10): fatal error C1083: Cannot open include file: 'SDL.h': No such file or directory
  FPSCounter.cpp
D:\Programming\C++\ObliviousEngine\src\header\Texture.h(2,10): fatal error C1083: Cannot open include file: 'SDL.h': No such file or directory
  TextEntity.cpp
D:\Programming\C++\ObliviousEngine\src\header\Texture.h(2,10): fatal error C1083: Cannot open include file: 'SDL.h': No such file or directory
  MediaPlayer.cpp
D:\Programming\C++\ObliviousEngine\src\header\MediaPlayer.h(2,10): fatal error C1083: Cannot open include file: 'SDL_mixer.h': No such file or directory
  Main.cpp
D:\Programming\C++\ObliviousEngine\src\Main.cpp(1,10): fatal error C1083: Cannot open include file: 'SDL.h': No such file or directory
  Generating Code...
