d:\programming\c++\obliviousengine\obliviousengine\x64\release\obliviousengine.pch
d:\programming\c++\obliviousengine\x64\release\obliviousengine.pdb
d:\programming\c++\obliviousengine\obliviousengine\x64\release\pch.obj
d:\programming\c++\obliviousengine\obliviousengine\x64\release\oe.obj
d:\programming\c++\obliviousengine\obliviousengine\x64\release\mediaplayer.obj
d:\programming\c++\obliviousengine\obliviousengine\x64\release\textentity.obj
d:\programming\c++\obliviousengine\obliviousengine\x64\release\object.obj
d:\programming\c++\obliviousengine\obliviousengine\x64\release\fpscounter.obj
d:\programming\c++\obliviousengine\obliviousengine\x64\release\entity.obj
d:\programming\c++\obliviousengine\obliviousengine\x64\release\debugbox.obj
d:\programming\c++\obliviousengine\obliviousengine\x64\release\window.obj
d:\programming\c++\obliviousengine\obliviousengine\x64\release\timer.obj
d:\programming\c++\obliviousengine\obliviousengine\x64\release\texture.obj
d:\programming\c++\obliviousengine\obliviousengine\x64\release\text.obj
d:\programming\c++\obliviousengine\obliviousengine\x64\release\scene.obj
d:\programming\c++\obliviousengine\obliviousengine\x64\release\renderer.obj
d:\programming\c++\obliviousengine\obliviousengine\x64\release\objectlist.obj
d:\programming\c++\obliviousengine\obliviousengine\x64\release\soundeffect.obj
d:\programming\c++\obliviousengine\obliviousengine\x64\release\music.obj
d:\programming\c++\obliviousengine\obliviousengine\x64\release\obliviousengine.obj
d:\programming\c++\obliviousengine\obliviousengine\x64\release\dllmain.obj
d:\programming\c++\obliviousengine\x64\release\obliviousengine.lib
d:\programming\c++\obliviousengine\x64\release\obliviousengine.dll
d:\programming\c++\obliviousengine\obliviousengine\x64\release\obliviousengine.ipdb
d:\programming\c++\obliviousengine\obliviousengine\x64\release\obliviousengine.iobj
d:\programming\c++\obliviousengine\obliviousengine\x64\release\vc142.pdb
d:\programming\c++\obliviousengine\obliviousengine\x64\release\obliviousengine.tlog\cl.command.1.tlog
d:\programming\c++\obliviousengine\obliviousengine\x64\release\obliviousengine.tlog\cl.read.1.tlog
d:\programming\c++\obliviousengine\obliviousengine\x64\release\obliviousengine.tlog\cl.write.1.tlog
d:\programming\c++\obliviousengine\obliviousengine\x64\release\obliviousengine.tlog\lib-link.read.1.tlog
d:\programming\c++\obliviousengine\obliviousengine\x64\release\obliviousengine.tlog\lib-link.write.1.tlog
d:\programming\c++\obliviousengine\obliviousengine\x64\release\obliviousengine.tlog\lib.command.1.tlog
d:\programming\c++\obliviousengine\obliviousengine\x64\release\obliviousengine.tlog\link.command.1.tlog
d:\programming\c++\obliviousengine\obliviousengine\x64\release\obliviousengine.tlog\link.read.1.tlog
d:\programming\c++\obliviousengine\obliviousengine\x64\release\obliviousengine.tlog\link.write.1.tlog
d:\programming\c++\obliviousengine\obliviousengine\x64\release\obliviousengine.tlog\obliviousengine.write.1u.tlog
